2017-05-26 00:19:53,448 [ModalContext] INFO  o.e.m.c.i.e.AbstractTransferListenerAdapter - Downloading http://repo.maven.apache.org/maven2/org/apache/maven/archetypes/maven-archetype-quickstart/maven-metadata.xml
2017-05-26 00:19:53,968 [ModalContext] INFO  o.e.m.c.i.e.AbstractTransferListenerAdapter - Downloaded http://repo.maven.apache.org/maven2/org/apache/maven/archetypes/maven-archetype-quickstart/maven-metadata.xml
2017-05-26 00:19:54,208 [ModalContext] INFO  o.e.m.c.i.e.AbstractTransferListenerAdapter - Downloading http://repo.maven.apache.org/maven2/org/apache/maven/archetypes/maven-archetype-quickstart/1.1/maven-archetype-quickstart-1.1.jar
2017-05-26 00:19:54,751 [ModalContext] INFO  o.e.m.c.i.e.AbstractTransferListenerAdapter - Downloaded http://repo.maven.apache.org/maven2/org/apache/maven/archetypes/maven-archetype-quickstart/1.1/maven-archetype-quickstart-1.1.jar
2017-05-26 00:22:41,272 [Worker-3] INFO  o.e.m.c.i.l.LifecycleMappingFactory - Using org.maven.ide.eclipse.wtp.WarLifecycleMapping lifecycle mapping for MavenProject: SoaBaseCode:SoaBaseCode:1.0-SNAPSHOT @ C:\Users\Oppura\Music\project\SoaBaseCode\pom.xml.
2017-05-26 00:22:49,723 [Worker-3] WARN  o.e.m.c.i.embedder.EclipseLogger - Failed to retrieve plugin descriptor for org.eclipse.jetty:jetty-maven-plugin:9.0.2.v20130417: Plugin org.eclipse.jetty:jetty-maven-plugin:9.0.2.v20130417 or one of its dependencies could not be resolved: Failed to read artifact descriptor for org.eclipse.jetty:jetty-maven-plugin:jar:9.0.2.v20130417
2017-05-26 00:22:49,730 [Worker-3] WARN  o.e.m.c.i.embedder.EclipseLogger - Failed to retrieve plugin descriptor for org.apache.maven.plugins:maven-eclipse-plugin:2.9: Plugin org.apache.maven.plugins:maven-eclipse-plugin:2.9 or one of its dependencies could not be resolved: Failed to read artifact descriptor for org.apache.maven.plugins:maven-eclipse-plugin:jar:2.9
2017-05-26 00:22:49,735 [Worker-3] WARN  o.e.m.c.i.embedder.EclipseLogger - Failed to retrieve plugin descriptor for org.eclipse.jetty:jetty-maven-plugin:9.0.2.v20130417: Plugin org.eclipse.jetty:jetty-maven-plugin:9.0.2.v20130417 or one of its dependencies could not be resolved: Failed to read artifact descriptor for org.eclipse.jetty:jetty-maven-plugin:jar:9.0.2.v20130417
2017-05-26 00:22:49,740 [Worker-3] WARN  o.e.m.c.i.embedder.EclipseLogger - Failed to retrieve plugin descriptor for org.apache.maven.plugins:maven-eclipse-plugin:2.9: Plugin org.apache.maven.plugins:maven-eclipse-plugin:2.9 or one of its dependencies could not be resolved: Failed to read artifact descriptor for org.apache.maven.plugins:maven-eclipse-plugin:jar:2.9
2017-05-26 00:22:55,349 [Worker-8] INFO  o.e.m.c.i.embedder.EclipseLogger - Using 'UTF-8' encoding to copy filtered resources.
2017-05-26 00:22:55,359 [Worker-8] INFO  o.e.m.c.i.embedder.EclipseLogger - Copying 5 resources
2017-05-26 00:22:55,379 [Worker-8] INFO  o.e.m.c.i.embedder.EclipseLogger - Using 'UTF-8' encoding to copy filtered resources.
2017-05-26 00:22:55,379 [Worker-8] INFO  o.e.m.c.i.embedder.EclipseLogger - skip non existing resourceDirectory C:\Users\Oppura\Music\project\SoaBaseCode\src\test\resources
2017-05-26 00:25:54,863 [Worker-8] INFO  o.e.m.c.i.embedder.EclipseLogger - Using 'UTF-8' encoding to copy filtered resources.
2017-05-26 00:25:54,863 [Worker-8] INFO  o.e.m.c.i.embedder.EclipseLogger - Copying 5 resources
2017-05-26 00:25:54,883 [Worker-8] INFO  o.e.m.c.i.embedder.EclipseLogger - Using 'UTF-8' encoding to copy filtered resources.
2017-05-26 00:25:54,883 [Worker-8] INFO  o.e.m.c.i.embedder.EclipseLogger - skip non existing resourceDirectory C:\Users\Oppura\Music\project\SoaBaseCode\src\test\resources
2017-05-26 00:27:25,679 [Worker-4] INFO  o.e.m.w.i.f.ResourceFilteringBuildParticipant - Cleaning filtered folder for SoaBaseCode
2017-05-26 00:27:28,996 [Worker-5] INFO  o.e.m.c.i.embedder.EclipseLogger - Using 'UTF-8' encoding to copy filtered resources.
2017-05-26 00:27:28,997 [Worker-5] INFO  o.e.m.c.i.embedder.EclipseLogger - Copying 5 resources
2017-05-26 00:27:29,017 [Worker-5] INFO  o.e.m.c.i.embedder.EclipseLogger - Using 'UTF-8' encoding to copy filtered resources.
2017-05-26 00:27:29,018 [Worker-5] INFO  o.e.m.c.i.embedder.EclipseLogger - skip non existing resourceDirectory C:\Users\Oppura\Music\project\SoaBaseCode\src\test\resources
2017-05-26 00:32:40,896 [Worker-2] INFO  o.e.m.w.i.f.ResourceFilteringBuildParticipant - Cleaning filtered folder for SoaBaseCode
2017-05-26 00:32:43,805 [Worker-2] INFO  o.e.m.c.i.embedder.EclipseLogger - Using 'UTF-8' encoding to copy filtered resources.
2017-05-26 00:32:43,806 [Worker-2] INFO  o.e.m.c.i.embedder.EclipseLogger - Copying 5 resources
2017-05-26 00:32:43,828 [Worker-2] INFO  o.e.m.c.i.embedder.EclipseLogger - Using 'UTF-8' encoding to copy filtered resources.
2017-05-26 00:32:43,828 [Worker-2] INFO  o.e.m.c.i.embedder.EclipseLogger - skip non existing resourceDirectory C:\Users\Oppura\Music\project\SoaBaseCode\src\test\resources
2017-05-26 00:34:06,286 [Worker-1] INFO  o.e.m.w.i.f.ResourceFilteringBuildParticipant - Cleaning filtered folder for SoaBaseCode
2017-05-26 00:34:08,196 [Worker-1] INFO  o.e.m.c.i.embedder.EclipseLogger - Using 'UTF-8' encoding to copy filtered resources.
2017-05-26 00:34:08,196 [Worker-1] INFO  o.e.m.c.i.embedder.EclipseLogger - Copying 5 resources
2017-05-26 00:34:08,206 [Worker-1] INFO  o.e.m.c.i.embedder.EclipseLogger - Using 'UTF-8' encoding to copy filtered resources.
2017-05-26 00:34:08,206 [Worker-1] INFO  o.e.m.c.i.embedder.EclipseLogger - skip non existing resourceDirectory C:\Users\Oppura\Music\project\SoaBaseCode\src\test\resources
2017-05-26 01:58:07,956 [Worker-10] INFO  o.e.m.c.i.embedder.EclipseLogger - Using 'UTF-8' encoding to copy filtered resources.
2017-05-26 01:58:08,002 [Worker-10] INFO  o.e.m.c.i.embedder.EclipseLogger - Copying 5 resources
2017-05-26 01:58:08,018 [Worker-10] INFO  o.e.m.c.i.embedder.EclipseLogger - Using 'UTF-8' encoding to copy filtered resources.
2017-05-26 01:58:08,018 [Worker-10] INFO  o.e.m.c.i.embedder.EclipseLogger - skip non existing resourceDirectory C:\Users\Oppura\Music\project\SoaBaseCode\src\test\resources
2017-05-26 02:04:43,015 [Worker-9] INFO  o.e.m.c.i.embedder.EclipseLogger - Using 'UTF-8' encoding to copy filtered resources.
2017-05-26 02:04:43,015 [Worker-9] INFO  o.e.m.c.i.embedder.EclipseLogger - Copying 0 resource
2017-05-26 02:04:43,030 [Worker-9] INFO  o.e.m.c.i.embedder.EclipseLogger - Using 'UTF-8' encoding to copy filtered resources.
2017-05-26 02:04:43,030 [Worker-9] INFO  o.e.m.c.i.embedder.EclipseLogger - skip non existing resourceDirectory C:\Users\Oppura\Music\project\SoaBaseCode\src\test\resources
2017-05-26 02:06:48,169 [Worker-7] INFO  o.e.m.c.i.embedder.EclipseLogger - Using 'UTF-8' encoding to copy filtered resources.
2017-05-26 02:06:48,185 [Worker-7] INFO  o.e.m.c.i.embedder.EclipseLogger - Copying 5 resources
2017-05-26 02:06:48,185 [Worker-7] INFO  o.e.m.c.i.embedder.EclipseLogger - Using 'UTF-8' encoding to copy filtered resources.
2017-05-26 02:06:48,185 [Worker-7] INFO  o.e.m.c.i.embedder.EclipseLogger - skip non existing resourceDirectory C:\Users\Oppura\Music\project\SoaBaseCode\src\test\resources
2017-05-26 02:06:53,044 [Worker-4] INFO  o.e.m.c.i.embedder.EclipseLogger - Using 'UTF-8' encoding to copy filtered resources.
2017-05-26 02:06:53,044 [Worker-4] INFO  o.e.m.c.i.embedder.EclipseLogger - Copying 5 resources
2017-05-26 02:06:53,060 [Worker-4] INFO  o.e.m.c.i.embedder.EclipseLogger - Using 'UTF-8' encoding to copy filtered resources.
2017-05-26 02:06:53,060 [Worker-4] INFO  o.e.m.c.i.embedder.EclipseLogger - skip non existing resourceDirectory C:\Users\Oppura\Music\project\SoaBaseCode\src\test\resources
2017-05-26 02:07:16,813 [Worker-3] INFO  o.e.m.c.i.embedder.EclipseLogger - Using 'UTF-8' encoding to copy filtered resources.
2017-05-26 02:07:16,813 [Worker-3] INFO  o.e.m.c.i.embedder.EclipseLogger - Copying 5 resources
2017-05-26 02:07:16,813 [Worker-3] INFO  o.e.m.c.i.embedder.EclipseLogger - Using 'UTF-8' encoding to copy filtered resources.
2017-05-26 02:07:16,813 [Worker-3] INFO  o.e.m.c.i.embedder.EclipseLogger - skip non existing resourceDirectory C:\Users\Oppura\Music\project\SoaBaseCode\src\test\resources
2017-05-26 02:07:35,721 [Worker-11] INFO  o.e.m.c.i.embedder.EclipseLogger - Using 'UTF-8' encoding to copy filtered resources.
2017-05-26 02:07:35,721 [Worker-11] INFO  o.e.m.c.i.embedder.EclipseLogger - Copying 5 resources
2017-05-26 02:07:35,721 [Worker-11] INFO  o.e.m.c.i.embedder.EclipseLogger - Using 'UTF-8' encoding to copy filtered resources.
2017-05-26 02:07:35,721 [Worker-11] INFO  o.e.m.c.i.embedder.EclipseLogger - skip non existing resourceDirectory C:\Users\Oppura\Music\project\SoaBaseCode\src\test\resources
2017-05-26 02:08:20,257 [Worker-3] INFO  o.e.m.c.i.embedder.EclipseLogger - Using 'UTF-8' encoding to copy filtered resources.
2017-05-26 02:08:20,272 [Worker-3] INFO  o.e.m.c.i.embedder.EclipseLogger - Copying 5 resources
2017-05-26 02:08:20,272 [Worker-3] INFO  o.e.m.c.i.embedder.EclipseLogger - Using 'UTF-8' encoding to copy filtered resources.
2017-05-26 02:08:20,272 [Worker-3] INFO  o.e.m.c.i.embedder.EclipseLogger - skip non existing resourceDirectory C:\Users\Oppura\Music\project\SoaBaseCode\src\test\resources
2017-05-26 02:09:15,345 [Worker-7] INFO  o.e.m.c.i.embedder.EclipseLogger - Using 'UTF-8' encoding to copy filtered resources.
2017-05-26 02:09:15,345 [Worker-7] INFO  o.e.m.c.i.embedder.EclipseLogger - Copying 5 resources
2017-05-26 02:09:15,345 [Worker-7] INFO  o.e.m.c.i.embedder.EclipseLogger - Using 'UTF-8' encoding to copy filtered resources.
2017-05-26 02:09:15,345 [Worker-7] INFO  o.e.m.c.i.embedder.EclipseLogger - skip non existing resourceDirectory C:\Users\Oppura\Music\project\SoaBaseCode\src\test\resources
2017-05-26 02:09:21,330 [Worker-8] INFO  o.e.m.c.i.embedder.EclipseLogger - Using 'UTF-8' encoding to copy filtered resources.
2017-05-26 02:09:21,330 [Worker-8] INFO  o.e.m.c.i.embedder.EclipseLogger - Copying 5 resources
2017-05-26 02:09:21,330 [Worker-8] INFO  o.e.m.c.i.embedder.EclipseLogger - Using 'UTF-8' encoding to copy filtered resources.
2017-05-26 02:09:21,330 [Worker-8] INFO  o.e.m.c.i.embedder.EclipseLogger - skip non existing resourceDirectory C:\Users\Oppura\Music\project\SoaBaseCode\src\test\resources
2017-05-26 02:09:28,690 [Worker-9] INFO  o.e.m.c.i.embedder.EclipseLogger - Using 'UTF-8' encoding to copy filtered resources.
2017-05-26 02:09:28,706 [Worker-9] INFO  o.e.m.c.i.embedder.EclipseLogger - Copying 5 resources
2017-05-26 02:09:28,706 [Worker-9] INFO  o.e.m.c.i.embedder.EclipseLogger - Using 'UTF-8' encoding to copy filtered resources.
2017-05-26 02:09:28,706 [Worker-9] INFO  o.e.m.c.i.embedder.EclipseLogger - skip non existing resourceDirectory C:\Users\Oppura\Music\project\SoaBaseCode\src\test\resources
2017-05-26 02:12:07,853 [Worker-4] INFO  o.e.m.c.i.embedder.EclipseLogger - Using 'UTF-8' encoding to copy filtered resources.
2017-05-26 02:12:07,869 [Worker-4] INFO  o.e.m.c.i.embedder.EclipseLogger - Copying 5 resources
2017-05-26 02:12:07,869 [Worker-4] INFO  o.e.m.c.i.embedder.EclipseLogger - Using 'UTF-8' encoding to copy filtered resources.
2017-05-26 02:12:07,869 [Worker-4] INFO  o.e.m.c.i.embedder.EclipseLogger - skip non existing resourceDirectory C:\Users\Oppura\Music\project\SoaBaseCode\src\test\resources
2017-05-26 02:14:53,592 [Worker-7] INFO  o.e.m.c.i.embedder.EclipseLogger - Using 'UTF-8' encoding to copy filtered resources.
2017-05-26 02:14:53,608 [Worker-7] INFO  o.e.m.c.i.embedder.EclipseLogger - Copying 5 resources
2017-05-26 02:14:53,608 [Worker-7] INFO  o.e.m.c.i.embedder.EclipseLogger - Using 'UTF-8' encoding to copy filtered resources.
2017-05-26 02:14:53,608 [Worker-7] INFO  o.e.m.c.i.embedder.EclipseLogger - skip non existing resourceDirectory C:\Users\Oppura\Music\project\SoaBaseCode\src\test\resources
2017-05-26 02:16:56,261 [Worker-9] INFO  o.e.m.c.i.embedder.EclipseLogger - Using 'UTF-8' encoding to copy filtered resources.
2017-05-26 02:16:56,261 [Worker-9] INFO  o.e.m.c.i.embedder.EclipseLogger - Copying 5 resources
2017-05-26 02:16:56,261 [Worker-9] INFO  o.e.m.c.i.embedder.EclipseLogger - Using 'UTF-8' encoding to copy filtered resources.
2017-05-26 02:16:56,261 [Worker-9] INFO  o.e.m.c.i.embedder.EclipseLogger - skip non existing resourceDirectory C:\Users\Oppura\Music\project\SoaBaseCode\src\test\resources
2017-05-26 02:19:09,020 [Worker-3] INFO  o.e.m.c.i.embedder.EclipseLogger - Using 'UTF-8' encoding to copy filtered resources.
2017-05-26 02:19:09,035 [Worker-3] INFO  o.e.m.c.i.embedder.EclipseLogger - Copying 5 resources
2017-05-26 02:19:09,035 [Worker-3] INFO  o.e.m.c.i.embedder.EclipseLogger - Using 'UTF-8' encoding to copy filtered resources.
2017-05-26 02:19:09,035 [Worker-3] INFO  o.e.m.c.i.embedder.EclipseLogger - skip non existing resourceDirectory C:\Users\Oppura\Music\project\SoaBaseCode\src\test\resources
2017-05-26 02:19:27,362 [Worker-7] INFO  o.e.m.c.i.embedder.EclipseLogger - Using 'UTF-8' encoding to copy filtered resources.
2017-05-26 02:19:27,362 [Worker-7] INFO  o.e.m.c.i.embedder.EclipseLogger - Copying 5 resources
2017-05-26 02:19:27,378 [Worker-7] INFO  o.e.m.c.i.embedder.EclipseLogger - Using 'UTF-8' encoding to copy filtered resources.
2017-05-26 02:19:27,378 [Worker-7] INFO  o.e.m.c.i.embedder.EclipseLogger - skip non existing resourceDirectory C:\Users\Oppura\Music\project\SoaBaseCode\src\test\resources
2017-05-26 02:19:32,767 [Worker-3] INFO  o.e.m.c.i.embedder.EclipseLogger - Using 'UTF-8' encoding to copy filtered resources.
2017-05-26 02:19:32,767 [Worker-3] INFO  o.e.m.c.i.embedder.EclipseLogger - Copying 5 resources
2017-05-26 02:19:32,767 [Worker-3] INFO  o.e.m.c.i.embedder.EclipseLogger - Using 'UTF-8' encoding to copy filtered resources.
2017-05-26 02:19:32,767 [Worker-3] INFO  o.e.m.c.i.embedder.EclipseLogger - skip non existing resourceDirectory C:\Users\Oppura\Music\project\SoaBaseCode\src\test\resources
2017-05-26 02:20:38,278 [Worker-11] INFO  o.e.m.c.i.embedder.EclipseLogger - Using 'UTF-8' encoding to copy filtered resources.
2017-05-26 02:20:38,278 [Worker-11] INFO  o.e.m.c.i.embedder.EclipseLogger - Copying 5 resources
2017-05-26 02:20:38,278 [Worker-11] INFO  o.e.m.c.i.embedder.EclipseLogger - Using 'UTF-8' encoding to copy filtered resources.
2017-05-26 02:20:38,278 [Worker-11] INFO  o.e.m.c.i.embedder.EclipseLogger - skip non existing resourceDirectory C:\Users\Oppura\Music\project\SoaBaseCode\src\test\resources
2017-05-26 02:21:01,359 [Worker-11] INFO  o.e.m.c.i.embedder.EclipseLogger - Using 'UTF-8' encoding to copy filtered resources.
2017-05-26 02:21:01,359 [Worker-11] INFO  o.e.m.c.i.embedder.EclipseLogger - Copying 5 resources
2017-05-26 02:21:01,374 [Worker-11] INFO  o.e.m.c.i.embedder.EclipseLogger - Using 'UTF-8' encoding to copy filtered resources.
2017-05-26 02:21:01,374 [Worker-11] INFO  o.e.m.c.i.embedder.EclipseLogger - skip non existing resourceDirectory C:\Users\Oppura\Music\project\SoaBaseCode\src\test\resources
2017-05-26 02:23:07,614 [Worker-3] INFO  o.e.m.c.i.embedder.EclipseLogger - Using 'UTF-8' encoding to copy filtered resources.
2017-05-26 02:23:07,614 [Worker-3] INFO  o.e.m.c.i.embedder.EclipseLogger - Copying 5 resources
2017-05-26 02:23:07,630 [Worker-3] INFO  o.e.m.c.i.embedder.EclipseLogger - Using 'UTF-8' encoding to copy filtered resources.
2017-05-26 02:23:07,630 [Worker-3] INFO  o.e.m.c.i.embedder.EclipseLogger - skip non existing resourceDirectory C:\Users\Oppura\Music\project\SoaBaseCode\src\test\resources
2017-05-26 02:26:35,964 [Worker-6] INFO  o.e.m.c.i.embedder.EclipseLogger - Using 'UTF-8' encoding to copy filtered resources.
2017-05-26 02:26:35,964 [Worker-6] INFO  o.e.m.c.i.embedder.EclipseLogger - Copying 5 resources
2017-05-26 02:26:35,964 [Worker-6] INFO  o.e.m.c.i.embedder.EclipseLogger - Using 'UTF-8' encoding to copy filtered resources.
2017-05-26 02:26:35,964 [Worker-6] INFO  o.e.m.c.i.embedder.EclipseLogger - skip non existing resourceDirectory C:\Users\Oppura\Music\project\SoaBaseCode\src\test\resources
2017-05-26 02:27:30,883 [Worker-11] INFO  o.e.m.c.i.embedder.EclipseLogger - Using 'UTF-8' encoding to copy filtered resources.
2017-05-26 02:27:30,883 [Worker-11] INFO  o.e.m.c.i.embedder.EclipseLogger - Copying 5 resources
2017-05-26 02:27:30,883 [Worker-11] INFO  o.e.m.c.i.embedder.EclipseLogger - Using 'UTF-8' encoding to copy filtered resources.
2017-05-26 02:27:30,883 [Worker-11] INFO  o.e.m.c.i.embedder.EclipseLogger - skip non existing resourceDirectory C:\Users\Oppura\Music\project\SoaBaseCode\src\test\resources
2017-05-26 02:27:54,497 [Worker-0] INFO  o.e.m.c.i.embedder.EclipseLogger - Using 'UTF-8' encoding to copy filtered resources.
2017-05-26 02:27:54,497 [Worker-0] INFO  o.e.m.c.i.embedder.EclipseLogger - Copying 5 resources
2017-05-26 02:27:54,497 [Worker-0] INFO  o.e.m.c.i.embedder.EclipseLogger - Using 'UTF-8' encoding to copy filtered resources.
2017-05-26 02:27:54,497 [Worker-0] INFO  o.e.m.c.i.embedder.EclipseLogger - skip non existing resourceDirectory C:\Users\Oppura\Music\project\SoaBaseCode\src\test\resources
2017-05-26 02:31:33,705 [Worker-3] INFO  o.e.m.c.i.embedder.EclipseLogger - Using 'UTF-8' encoding to copy filtered resources.
2017-05-26 02:31:33,719 [Worker-3] INFO  o.e.m.c.i.embedder.EclipseLogger - Copying 5 resources
2017-05-26 02:31:33,733 [Worker-3] INFO  o.e.m.c.i.embedder.EclipseLogger - Using 'UTF-8' encoding to copy filtered resources.
2017-05-26 02:31:33,733 [Worker-3] INFO  o.e.m.c.i.embedder.EclipseLogger - skip non existing resourceDirectory C:\Users\Oppura\Music\project\SoaBaseCode\src\test\resources
2017-05-26 02:38:40,195 [Worker-0] INFO  o.e.m.c.i.embedder.EclipseLogger - Using 'UTF-8' encoding to copy filtered resources.
2017-05-26 02:38:40,199 [Worker-0] INFO  o.e.m.c.i.embedder.EclipseLogger - Copying 5 resources
2017-05-26 02:38:40,202 [Worker-0] INFO  o.e.m.c.i.embedder.EclipseLogger - Using 'UTF-8' encoding to copy filtered resources.
2017-05-26 02:38:40,203 [Worker-0] INFO  o.e.m.c.i.embedder.EclipseLogger - skip non existing resourceDirectory C:\Users\Oppura\Music\project\SoaBaseCode\src\test\resources
2017-05-26 02:39:30,786 [Worker-9] INFO  o.e.m.c.i.embedder.EclipseLogger - Using 'UTF-8' encoding to copy filtered resources.
2017-05-26 02:39:30,786 [Worker-9] INFO  o.e.m.c.i.embedder.EclipseLogger - Copying 5 resources
2017-05-26 02:39:30,786 [Worker-9] INFO  o.e.m.c.i.embedder.EclipseLogger - Using 'UTF-8' encoding to copy filtered resources.
2017-05-26 02:39:30,786 [Worker-9] INFO  o.e.m.c.i.embedder.EclipseLogger - skip non existing resourceDirectory C:\Users\Oppura\Music\project\SoaBaseCode\src\test\resources
2017-05-26 02:39:45,810 [Worker-0] INFO  o.e.m.c.i.embedder.EclipseLogger - Using 'UTF-8' encoding to copy filtered resources.
2017-05-26 02:39:45,814 [Worker-0] INFO  o.e.m.c.i.embedder.EclipseLogger - Copying 5 resources
2017-05-26 02:39:45,819 [Worker-0] INFO  o.e.m.c.i.embedder.EclipseLogger - Using 'UTF-8' encoding to copy filtered resources.
2017-05-26 02:39:45,819 [Worker-0] INFO  o.e.m.c.i.embedder.EclipseLogger - skip non existing resourceDirectory C:\Users\Oppura\Music\project\SoaBaseCode\src\test\resources
2017-05-26 02:41:05,385 [Worker-9] INFO  o.e.m.c.i.embedder.EclipseLogger - Using 'UTF-8' encoding to copy filtered resources.
2017-05-26 02:41:05,385 [Worker-9] INFO  o.e.m.c.i.embedder.EclipseLogger - Copying 5 resources
2017-05-26 02:41:05,397 [Worker-9] INFO  o.e.m.c.i.embedder.EclipseLogger - Using 'UTF-8' encoding to copy filtered resources.
2017-05-26 02:41:05,397 [Worker-9] INFO  o.e.m.c.i.embedder.EclipseLogger - skip non existing resourceDirectory C:\Users\Oppura\Music\project\SoaBaseCode\src\test\resources
2017-05-26 02:41:28,434 [Worker-0] INFO  o.e.m.c.i.embedder.EclipseLogger - Using 'UTF-8' encoding to copy filtered resources.
2017-05-26 02:41:28,436 [Worker-0] INFO  o.e.m.c.i.embedder.EclipseLogger - Copying 5 resources
2017-05-26 02:41:28,439 [Worker-0] INFO  o.e.m.c.i.embedder.EclipseLogger - Using 'UTF-8' encoding to copy filtered resources.
2017-05-26 02:41:28,439 [Worker-0] INFO  o.e.m.c.i.embedder.EclipseLogger - skip non existing resourceDirectory C:\Users\Oppura\Music\project\SoaBaseCode\src\test\resources
2017-05-26 02:41:40,758 [Worker-7] INFO  o.e.m.c.i.embedder.EclipseLogger - Using 'UTF-8' encoding to copy filtered resources.
2017-05-26 02:41:40,758 [Worker-7] INFO  o.e.m.c.i.embedder.EclipseLogger - Copying 5 resources
2017-05-26 02:41:40,758 [Worker-7] INFO  o.e.m.c.i.embedder.EclipseLogger - Using 'UTF-8' encoding to copy filtered resources.
2017-05-26 02:41:40,758 [Worker-7] INFO  o.e.m.c.i.embedder.EclipseLogger - skip non existing resourceDirectory C:\Users\Oppura\Music\project\SoaBaseCode\src\test\resources
2017-05-26 02:41:50,255 [Worker-16] INFO  o.e.m.c.i.embedder.EclipseLogger - Using 'UTF-8' encoding to copy filtered resources.
2017-05-26 02:41:50,255 [Worker-16] INFO  o.e.m.c.i.embedder.EclipseLogger - Copying 5 resources
2017-05-26 02:41:50,255 [Worker-16] INFO  o.e.m.c.i.embedder.EclipseLogger - Using 'UTF-8' encoding to copy filtered resources.
2017-05-26 02:41:50,255 [Worker-16] INFO  o.e.m.c.i.embedder.EclipseLogger - skip non existing resourceDirectory C:\Users\Oppura\Music\project\SoaBaseCode\src\test\resources
2017-05-26 02:42:35,786 [Worker-7] INFO  o.e.m.c.i.embedder.EclipseLogger - Using 'UTF-8' encoding to copy filtered resources.
2017-05-26 02:42:35,786 [Worker-7] INFO  o.e.m.c.i.embedder.EclipseLogger - Copying 5 resources
2017-05-26 02:42:35,786 [Worker-7] INFO  o.e.m.c.i.embedder.EclipseLogger - Using 'UTF-8' encoding to copy filtered resources.
2017-05-26 02:42:35,786 [Worker-7] INFO  o.e.m.c.i.embedder.EclipseLogger - skip non existing resourceDirectory C:\Users\Oppura\Music\project\SoaBaseCode\src\test\resources
2017-05-26 02:44:24,907 [Worker-0] INFO  o.e.m.c.i.embedder.EclipseLogger - Using 'UTF-8' encoding to copy filtered resources.
2017-05-26 02:44:24,907 [Worker-0] INFO  o.e.m.c.i.embedder.EclipseLogger - Copying 5 resources
2017-05-26 02:44:24,907 [Worker-0] INFO  o.e.m.c.i.embedder.EclipseLogger - Using 'UTF-8' encoding to copy filtered resources.
2017-05-26 02:44:24,907 [Worker-0] INFO  o.e.m.c.i.embedder.EclipseLogger - skip non existing resourceDirectory C:\Users\Oppura\Music\project\SoaBaseCode\src\test\resources
2017-05-26 02:46:06,919 [Worker-7] INFO  o.e.m.c.i.embedder.EclipseLogger - Using 'UTF-8' encoding to copy filtered resources.
2017-05-26 02:46:06,919 [Worker-7] INFO  o.e.m.c.i.embedder.EclipseLogger - Copying 5 resources
2017-05-26 02:46:06,919 [Worker-7] INFO  o.e.m.c.i.embedder.EclipseLogger - Using 'UTF-8' encoding to copy filtered resources.
2017-05-26 02:46:06,919 [Worker-7] INFO  o.e.m.c.i.embedder.EclipseLogger - skip non existing resourceDirectory C:\Users\Oppura\Music\project\SoaBaseCode\src\test\resources
2017-05-26 02:46:36,978 [Worker-0] INFO  o.e.m.c.i.embedder.EclipseLogger - Using 'UTF-8' encoding to copy filtered resources.
2017-05-26 02:46:36,978 [Worker-0] INFO  o.e.m.c.i.embedder.EclipseLogger - Copying 5 resources
2017-05-26 02:46:36,978 [Worker-0] INFO  o.e.m.c.i.embedder.EclipseLogger - Using 'UTF-8' encoding to copy filtered resources.
2017-05-26 02:46:36,978 [Worker-0] INFO  o.e.m.c.i.embedder.EclipseLogger - skip non existing resourceDirectory C:\Users\Oppura\Music\project\SoaBaseCode\src\test\resources
2017-05-26 02:47:15,245 [Worker-0] INFO  o.e.m.c.i.embedder.EclipseLogger - Using 'UTF-8' encoding to copy filtered resources.
2017-05-26 02:47:15,245 [Worker-0] INFO  o.e.m.c.i.embedder.EclipseLogger - Copying 5 resources
2017-05-26 02:47:15,245 [Worker-0] INFO  o.e.m.c.i.embedder.EclipseLogger - Using 'UTF-8' encoding to copy filtered resources.
2017-05-26 02:47:15,245 [Worker-0] INFO  o.e.m.c.i.embedder.EclipseLogger - skip non existing resourceDirectory C:\Users\Oppura\Music\project\SoaBaseCode\src\test\resources
2017-05-26 02:49:29,609 [Worker-0] INFO  o.e.m.c.i.embedder.EclipseLogger - Using 'UTF-8' encoding to copy filtered resources.
2017-05-26 02:49:29,609 [Worker-0] INFO  o.e.m.c.i.embedder.EclipseLogger - Copying 0 resource
2017-05-26 02:49:29,609 [Worker-0] INFO  o.e.m.c.i.embedder.EclipseLogger - Using 'UTF-8' encoding to copy filtered resources.
2017-05-26 02:49:29,609 [Worker-0] INFO  o.e.m.c.i.embedder.EclipseLogger - skip non existing resourceDirectory C:\Users\Oppura\Music\project\SoaBaseCode\src\test\resources
2017-05-26 02:50:04,734 [Worker-15] INFO  o.e.m.c.i.embedder.EclipseLogger - Using 'UTF-8' encoding to copy filtered resources.
2017-05-26 02:50:04,734 [Worker-15] INFO  o.e.m.c.i.embedder.EclipseLogger - Copying 0 resource
2017-05-26 02:50:04,734 [Worker-15] INFO  o.e.m.c.i.embedder.EclipseLogger - Using 'UTF-8' encoding to copy filtered resources.
2017-05-26 02:50:04,734 [Worker-15] INFO  o.e.m.c.i.embedder.EclipseLogger - skip non existing resourceDirectory C:\Users\Oppura\Music\project\SoaBaseCode\src\test\resources
2017-05-26 02:50:14,014 [Worker-7] INFO  o.e.m.c.i.embedder.EclipseLogger - Using 'UTF-8' encoding to copy filtered resources.
2017-05-26 02:50:14,014 [Worker-7] INFO  o.e.m.c.i.embedder.EclipseLogger - Copying 0 resource
2017-05-26 02:50:14,014 [Worker-7] INFO  o.e.m.c.i.embedder.EclipseLogger - Using 'UTF-8' encoding to copy filtered resources.
2017-05-26 02:50:14,014 [Worker-7] INFO  o.e.m.c.i.embedder.EclipseLogger - skip non existing resourceDirectory C:\Users\Oppura\Music\project\SoaBaseCode\src\test\resources
2017-05-26 02:50:44,322 [Worker-16] INFO  o.e.m.c.i.embedder.EclipseLogger - Using 'UTF-8' encoding to copy filtered resources.
2017-05-26 02:50:44,322 [Worker-16] INFO  o.e.m.c.i.embedder.EclipseLogger - Copying 0 resource
2017-05-26 02:50:44,322 [Worker-16] INFO  o.e.m.c.i.embedder.EclipseLogger - Using 'UTF-8' encoding to copy filtered resources.
2017-05-26 02:50:44,322 [Worker-16] INFO  o.e.m.c.i.embedder.EclipseLogger - skip non existing resourceDirectory C:\Users\Oppura\Music\project\SoaBaseCode\src\test\resources
2017-05-26 02:51:06,060 [Worker-7] INFO  o.e.m.c.i.embedder.EclipseLogger - Using 'UTF-8' encoding to copy filtered resources.
2017-05-26 02:51:06,060 [Worker-7] INFO  o.e.m.c.i.embedder.EclipseLogger - Copying 0 resource
2017-05-26 02:51:06,062 [Worker-7] INFO  o.e.m.c.i.embedder.EclipseLogger - Using 'UTF-8' encoding to copy filtered resources.
2017-05-26 02:51:06,063 [Worker-7] INFO  o.e.m.c.i.embedder.EclipseLogger - skip non existing resourceDirectory C:\Users\Oppura\Music\project\SoaBaseCode\src\test\resources
2017-05-26 02:52:41,616 [Worker-16] INFO  o.e.m.c.i.embedder.EclipseLogger - Using 'UTF-8' encoding to copy filtered resources.
2017-05-26 02:52:41,616 [Worker-16] INFO  o.e.m.c.i.embedder.EclipseLogger - Copying 0 resource
2017-05-26 02:52:41,616 [Worker-16] INFO  o.e.m.c.i.embedder.EclipseLogger - Using 'UTF-8' encoding to copy filtered resources.
2017-05-26 02:52:41,616 [Worker-16] INFO  o.e.m.c.i.embedder.EclipseLogger - skip non existing resourceDirectory C:\Users\Oppura\Music\project\SoaBaseCode\src\test\resources
2017-05-26 02:52:48,660 [Worker-8] INFO  o.e.m.c.i.embedder.EclipseLogger - Using 'UTF-8' encoding to copy filtered resources.
2017-05-26 02:52:48,660 [Worker-8] INFO  o.e.m.c.i.embedder.EclipseLogger - Copying 0 resource
2017-05-26 02:52:48,660 [Worker-8] INFO  o.e.m.c.i.embedder.EclipseLogger - Using 'UTF-8' encoding to copy filtered resources.
2017-05-26 02:52:48,670 [Worker-8] INFO  o.e.m.c.i.embedder.EclipseLogger - skip non existing resourceDirectory C:\Users\Oppura\Music\project\SoaBaseCode\src\test\resources
2017-05-26 02:52:53,330 [Worker-7] INFO  o.e.m.c.i.embedder.EclipseLogger - Using 'UTF-8' encoding to copy filtered resources.
2017-05-26 02:52:53,330 [Worker-7] INFO  o.e.m.c.i.embedder.EclipseLogger - Copying 0 resource
2017-05-26 02:52:53,330 [Worker-7] INFO  o.e.m.c.i.embedder.EclipseLogger - Using 'UTF-8' encoding to copy filtered resources.
2017-05-26 02:52:53,330 [Worker-7] INFO  o.e.m.c.i.embedder.EclipseLogger - skip non existing resourceDirectory C:\Users\Oppura\Music\project\SoaBaseCode\src\test\resources
2017-05-26 02:52:58,495 [Worker-8] INFO  o.e.m.c.i.embedder.EclipseLogger - Using 'UTF-8' encoding to copy filtered resources.
2017-05-26 02:52:58,505 [Worker-8] INFO  o.e.m.c.i.embedder.EclipseLogger - Copying 0 resource
2017-05-26 02:52:58,505 [Worker-8] INFO  o.e.m.c.i.embedder.EclipseLogger - Using 'UTF-8' encoding to copy filtered resources.
2017-05-26 02:52:58,505 [Worker-8] INFO  o.e.m.c.i.embedder.EclipseLogger - skip non existing resourceDirectory C:\Users\Oppura\Music\project\SoaBaseCode\src\test\resources
2017-05-26 02:53:01,521 [Worker-3] INFO  o.e.m.c.i.embedder.EclipseLogger - Using 'UTF-8' encoding to copy filtered resources.
2017-05-26 02:53:01,521 [Worker-3] INFO  o.e.m.c.i.embedder.EclipseLogger - Copying 0 resource
2017-05-26 02:53:01,521 [Worker-3] INFO  o.e.m.c.i.embedder.EclipseLogger - Using 'UTF-8' encoding to copy filtered resources.
2017-05-26 02:53:01,521 [Worker-3] INFO  o.e.m.c.i.embedder.EclipseLogger - skip non existing resourceDirectory C:\Users\Oppura\Music\project\SoaBaseCode\src\test\resources
2017-05-26 02:53:03,635 [Worker-15] INFO  o.e.m.c.i.embedder.EclipseLogger - Using 'UTF-8' encoding to copy filtered resources.
2017-05-26 02:53:03,635 [Worker-15] INFO  o.e.m.c.i.embedder.EclipseLogger - Copying 0 resource
2017-05-26 02:53:03,635 [Worker-15] INFO  o.e.m.c.i.embedder.EclipseLogger - Using 'UTF-8' encoding to copy filtered resources.
2017-05-26 02:53:03,635 [Worker-15] INFO  o.e.m.c.i.embedder.EclipseLogger - skip non existing resourceDirectory C:\Users\Oppura\Music\project\SoaBaseCode\src\test\resources
2017-05-26 02:53:06,653 [Worker-7] INFO  o.e.m.c.i.embedder.EclipseLogger - Using 'UTF-8' encoding to copy filtered resources.
2017-05-26 02:53:06,653 [Worker-7] INFO  o.e.m.c.i.embedder.EclipseLogger - Copying 0 resource
2017-05-26 02:53:06,653 [Worker-7] INFO  o.e.m.c.i.embedder.EclipseLogger - Using 'UTF-8' encoding to copy filtered resources.
2017-05-26 02:53:06,653 [Worker-7] INFO  o.e.m.c.i.embedder.EclipseLogger - skip non existing resourceDirectory C:\Users\Oppura\Music\project\SoaBaseCode\src\test\resources
2017-05-26 02:53:11,116 [Worker-7] INFO  o.e.m.c.i.embedder.EclipseLogger - Using 'UTF-8' encoding to copy filtered resources.
2017-05-26 02:53:11,116 [Worker-7] INFO  o.e.m.c.i.embedder.EclipseLogger - Copying 0 resource
2017-05-26 02:53:11,116 [Worker-7] INFO  o.e.m.c.i.embedder.EclipseLogger - Using 'UTF-8' encoding to copy filtered resources.
2017-05-26 02:53:11,116 [Worker-7] INFO  o.e.m.c.i.embedder.EclipseLogger - skip non existing resourceDirectory C:\Users\Oppura\Music\project\SoaBaseCode\src\test\resources
2017-05-26 02:53:19,983 [Worker-12] INFO  o.e.m.c.i.embedder.EclipseLogger - Using 'UTF-8' encoding to copy filtered resources.
2017-05-26 02:53:19,983 [Worker-12] INFO  o.e.m.c.i.embedder.EclipseLogger - Copying 0 resource
2017-05-26 02:53:19,983 [Worker-12] INFO  o.e.m.c.i.embedder.EclipseLogger - Using 'UTF-8' encoding to copy filtered resources.
2017-05-26 02:53:19,983 [Worker-12] INFO  o.e.m.c.i.embedder.EclipseLogger - skip non existing resourceDirectory C:\Users\Oppura\Music\project\SoaBaseCode\src\test\resources
2017-05-26 02:53:24,492 [Worker-3] INFO  o.e.m.c.i.embedder.EclipseLogger - Using 'UTF-8' encoding to copy filtered resources.
2017-05-26 02:53:24,506 [Worker-3] INFO  o.e.m.c.i.embedder.EclipseLogger - Copying 0 resource
2017-05-26 02:53:24,506 [Worker-3] INFO  o.e.m.c.i.embedder.EclipseLogger - Using 'UTF-8' encoding to copy filtered resources.
2017-05-26 02:53:24,506 [Worker-3] INFO  o.e.m.c.i.embedder.EclipseLogger - skip non existing resourceDirectory C:\Users\Oppura\Music\project\SoaBaseCode\src\test\resources
2017-05-26 02:53:28,574 [Worker-7] INFO  o.e.m.c.i.embedder.EclipseLogger - Using 'UTF-8' encoding to copy filtered resources.
2017-05-26 02:53:28,574 [Worker-7] INFO  o.e.m.c.i.embedder.EclipseLogger - Copying 0 resource
2017-05-26 02:53:28,574 [Worker-7] INFO  o.e.m.c.i.embedder.EclipseLogger - Using 'UTF-8' encoding to copy filtered resources.
2017-05-26 02:53:28,574 [Worker-7] INFO  o.e.m.c.i.embedder.EclipseLogger - skip non existing resourceDirectory C:\Users\Oppura\Music\project\SoaBaseCode\src\test\resources
2017-05-26 02:53:32,342 [Worker-3] INFO  o.e.m.c.i.embedder.EclipseLogger - Using 'UTF-8' encoding to copy filtered resources.
2017-05-26 02:53:32,342 [Worker-3] INFO  o.e.m.c.i.embedder.EclipseLogger - Copying 0 resource
2017-05-26 02:53:32,342 [Worker-3] INFO  o.e.m.c.i.embedder.EclipseLogger - Using 'UTF-8' encoding to copy filtered resources.
2017-05-26 02:53:32,342 [Worker-3] INFO  o.e.m.c.i.embedder.EclipseLogger - skip non existing resourceDirectory C:\Users\Oppura\Music\project\SoaBaseCode\src\test\resources
2017-05-26 02:53:35,557 [Worker-8] INFO  o.e.m.c.i.embedder.EclipseLogger - Using 'UTF-8' encoding to copy filtered resources.
2017-05-26 02:53:35,557 [Worker-8] INFO  o.e.m.c.i.embedder.EclipseLogger - Copying 0 resource
2017-05-26 02:53:35,557 [Worker-8] INFO  o.e.m.c.i.embedder.EclipseLogger - Using 'UTF-8' encoding to copy filtered resources.
2017-05-26 02:53:35,557 [Worker-8] INFO  o.e.m.c.i.embedder.EclipseLogger - skip non existing resourceDirectory C:\Users\Oppura\Music\project\SoaBaseCode\src\test\resources
2017-05-26 02:53:39,623 [Worker-8] INFO  o.e.m.c.i.embedder.EclipseLogger - Using 'UTF-8' encoding to copy filtered resources.
2017-05-26 02:53:39,623 [Worker-8] INFO  o.e.m.c.i.embedder.EclipseLogger - Copying 0 resource
2017-05-26 02:53:39,623 [Worker-8] INFO  o.e.m.c.i.embedder.EclipseLogger - Using 'UTF-8' encoding to copy filtered resources.
2017-05-26 02:53:39,623 [Worker-8] INFO  o.e.m.c.i.embedder.EclipseLogger - skip non existing resourceDirectory C:\Users\Oppura\Music\project\SoaBaseCode\src\test\resources
2017-05-26 02:53:42,875 [Worker-12] INFO  o.e.m.c.i.embedder.EclipseLogger - Using 'UTF-8' encoding to copy filtered resources.
2017-05-26 02:53:42,875 [Worker-12] INFO  o.e.m.c.i.embedder.EclipseLogger - Copying 0 resource
2017-05-26 02:53:42,875 [Worker-12] INFO  o.e.m.c.i.embedder.EclipseLogger - Using 'UTF-8' encoding to copy filtered resources.
2017-05-26 02:53:42,875 [Worker-12] INFO  o.e.m.c.i.embedder.EclipseLogger - skip non existing resourceDirectory C:\Users\Oppura\Music\project\SoaBaseCode\src\test\resources
2017-05-26 02:53:50,071 [Worker-15] INFO  o.e.m.c.i.embedder.EclipseLogger - Using 'UTF-8' encoding to copy filtered resources.
2017-05-26 02:53:50,071 [Worker-15] INFO  o.e.m.c.i.embedder.EclipseLogger - Copying 0 resource
2017-05-26 02:53:50,071 [Worker-15] INFO  o.e.m.c.i.embedder.EclipseLogger - Using 'UTF-8' encoding to copy filtered resources.
2017-05-26 02:53:50,071 [Worker-15] INFO  o.e.m.c.i.embedder.EclipseLogger - skip non existing resourceDirectory C:\Users\Oppura\Music\project\SoaBaseCode\src\test\resources
2017-05-26 04:26:52,006 [Worker-16] INFO  o.e.m.w.i.f.ResourceFilteringBuildParticipant - Cleaning filtered folder for SoaBaseCode
2017-05-26 04:27:27,610 [Worker-7] INFO  o.e.m.c.i.embedder.EclipseLogger - Using 'UTF-8' encoding to copy filtered resources.
2017-05-26 04:27:27,610 [Worker-7] INFO  o.e.m.c.i.embedder.EclipseLogger - Copying 5 resources
2017-05-26 04:27:27,680 [Worker-7] INFO  o.e.m.c.i.embedder.EclipseLogger - Using 'UTF-8' encoding to copy filtered resources.
2017-05-26 04:27:27,680 [Worker-7] INFO  o.e.m.c.i.embedder.EclipseLogger - skip non existing resourceDirectory C:\Users\Oppura\Music\project\SoaBaseCode\src\test\resources
2017-05-26 04:31:17,016 [Worker-3] INFO  o.e.m.w.i.f.ResourceFilteringBuildParticipant - Cleaning filtered folder for SoaBaseCode
2017-05-26 04:31:23,417 [Worker-16] INFO  o.e.m.c.i.embedder.EclipseLogger - Using 'UTF-8' encoding to copy filtered resources.
2017-05-26 04:31:23,417 [Worker-16] INFO  o.e.m.c.i.embedder.EclipseLogger - Copying 5 resources
2017-05-26 04:31:23,437 [Worker-16] INFO  o.e.m.c.i.embedder.EclipseLogger - Using 'UTF-8' encoding to copy filtered resources.
2017-05-26 04:31:23,437 [Worker-16] INFO  o.e.m.c.i.embedder.EclipseLogger - skip non existing resourceDirectory C:\Users\Oppura\Music\project\SoaBaseCode\src\test\resources
2017-05-26 04:34:29,047 [Worker-23] INFO  o.e.m.c.i.l.LifecycleMappingFactory - Using org.maven.ide.eclipse.wtp.WarLifecycleMapping lifecycle mapping for MavenProject: SoaBaseCode:SoaBaseCode:1.0-SNAPSHOT @ C:\Users\Oppura\Music\project\SoaBaseCode\pom.xml.
2017-05-26 04:34:31,673 [Worker-23] WARN  o.e.m.c.i.embedder.EclipseLogger - Failed to retrieve plugin descriptor for org.eclipse.jetty:jetty-maven-plugin:9.0.2.v20130417: Plugin org.eclipse.jetty:jetty-maven-plugin:9.0.2.v20130417 or one of its dependencies could not be resolved: Failed to read artifact descriptor for org.eclipse.jetty:jetty-maven-plugin:jar:9.0.2.v20130417
2017-05-26 04:34:31,673 [Worker-23] WARN  o.e.m.c.i.embedder.EclipseLogger - Failed to retrieve plugin descriptor for org.apache.maven.plugins:maven-eclipse-plugin:2.9: Plugin org.apache.maven.plugins:maven-eclipse-plugin:2.9 or one of its dependencies could not be resolved: Failed to read artifact descriptor for org.apache.maven.plugins:maven-eclipse-plugin:jar:2.9
2017-05-26 04:34:31,673 [Worker-23] WARN  o.e.m.c.i.embedder.EclipseLogger - Failed to retrieve plugin descriptor for org.eclipse.jetty:jetty-maven-plugin:9.0.2.v20130417: Plugin org.eclipse.jetty:jetty-maven-plugin:9.0.2.v20130417 or one of its dependencies could not be resolved: Failed to read artifact descriptor for org.eclipse.jetty:jetty-maven-plugin:jar:9.0.2.v20130417
2017-05-26 04:34:31,689 [Worker-23] WARN  o.e.m.c.i.embedder.EclipseLogger - Failed to retrieve plugin descriptor for org.apache.maven.plugins:maven-eclipse-plugin:2.9: Plugin org.apache.maven.plugins:maven-eclipse-plugin:2.9 or one of its dependencies could not be resolved: Failed to read artifact descriptor for org.apache.maven.plugins:maven-eclipse-plugin:jar:2.9
2017-05-26 04:34:33,804 [Worker-23] INFO  o.e.m.c.i.embedder.EclipseLogger - Using 'UTF-8' encoding to copy filtered resources.
2017-05-26 04:34:33,804 [Worker-23] INFO  o.e.m.c.i.embedder.EclipseLogger - Copying 5 resources
2017-05-26 04:34:33,894 [Worker-23] INFO  o.e.m.c.i.embedder.EclipseLogger - Using 'UTF-8' encoding to copy filtered resources.
2017-05-26 04:34:33,894 [Worker-23] INFO  o.e.m.c.i.embedder.EclipseLogger - skip non existing resourceDirectory C:\Users\Oppura\Music\project\SoaBaseCode\src\test\resources
2017-05-26 04:34:35,165 [Worker-19] INFO  o.e.m.c.i.embedder.EclipseLogger - Using 'UTF-8' encoding to copy filtered resources.
2017-05-26 04:34:35,165 [Worker-19] INFO  o.e.m.c.i.embedder.EclipseLogger - Copying 0 resource
2017-05-26 04:34:35,165 [Worker-19] INFO  o.e.m.c.i.embedder.EclipseLogger - Using 'UTF-8' encoding to copy filtered resources.
2017-05-26 04:34:35,165 [Worker-19] INFO  o.e.m.c.i.embedder.EclipseLogger - skip non existing resourceDirectory C:\Users\Oppura\Music\project\SoaBaseCode\src\test\resources
2017-05-26 04:35:59,419 [Worker-23] INFO  o.e.m.w.i.f.ResourceFilteringBuildParticipant - Cleaning filtered folder for SoaBaseCode
2017-05-26 04:36:10,124 [Worker-3] INFO  o.e.m.c.i.embedder.EclipseLogger - Using 'UTF-8' encoding to copy filtered resources.
2017-05-26 04:36:10,139 [Worker-3] INFO  o.e.m.c.i.embedder.EclipseLogger - Copying 5 resources
2017-05-26 04:36:10,139 [Worker-3] INFO  o.e.m.c.i.embedder.EclipseLogger - Using 'UTF-8' encoding to copy filtered resources.
2017-05-26 04:36:10,139 [Worker-3] INFO  o.e.m.c.i.embedder.EclipseLogger - skip non existing resourceDirectory C:\Users\Oppura\Music\project\SoaBaseCode\src\test\resources
2017-05-26 04:41:54,544 [Worker-3] INFO  o.e.m.c.i.l.LifecycleMappingFactory - Using org.maven.ide.eclipse.wtp.WarLifecycleMapping lifecycle mapping for MavenProject: SoaBaseCode:SoaBaseCode:1.0-SNAPSHOT @ C:\Users\Oppura\Music\project\SoaBaseCode\pom.xml.
2017-05-26 04:41:59,730 [Worker-3] WARN  o.e.m.c.i.embedder.EclipseLogger - Failed to retrieve plugin descriptor for org.eclipse.jetty:jetty-maven-plugin:9.0.2.v20130417: Plugin org.eclipse.jetty:jetty-maven-plugin:9.0.2.v20130417 or one of its dependencies could not be resolved: Failed to read artifact descriptor for org.eclipse.jetty:jetty-maven-plugin:jar:9.0.2.v20130417
2017-05-26 04:41:59,742 [Worker-3] WARN  o.e.m.c.i.embedder.EclipseLogger - Failed to retrieve plugin descriptor for org.apache.maven.plugins:maven-eclipse-plugin:2.9: Plugin org.apache.maven.plugins:maven-eclipse-plugin:2.9 or one of its dependencies could not be resolved: Failed to read artifact descriptor for org.apache.maven.plugins:maven-eclipse-plugin:jar:2.9
2017-05-26 04:41:59,754 [Worker-3] WARN  o.e.m.c.i.embedder.EclipseLogger - Failed to retrieve plugin descriptor for org.eclipse.jetty:jetty-maven-plugin:9.0.2.v20130417: Plugin org.eclipse.jetty:jetty-maven-plugin:9.0.2.v20130417 or one of its dependencies could not be resolved: Failed to read artifact descriptor for org.eclipse.jetty:jetty-maven-plugin:jar:9.0.2.v20130417
2017-05-26 04:41:59,766 [Worker-3] WARN  o.e.m.c.i.embedder.EclipseLogger - Failed to retrieve plugin descriptor for org.apache.maven.plugins:maven-eclipse-plugin:2.9: Plugin org.apache.maven.plugins:maven-eclipse-plugin:2.9 or one of its dependencies could not be resolved: Failed to read artifact descriptor for org.apache.maven.plugins:maven-eclipse-plugin:jar:2.9
2017-05-26 04:42:01,410 [Worker-3] INFO  o.e.m.c.i.embedder.EclipseLogger - Using 'UTF-8' encoding to copy filtered resources.
2017-05-26 04:42:01,410 [Worker-3] INFO  o.e.m.c.i.embedder.EclipseLogger - Copying 0 resource
2017-05-26 04:42:01,410 [Worker-3] INFO  o.e.m.c.i.embedder.EclipseLogger - Using 'UTF-8' encoding to copy filtered resources.
2017-05-26 04:42:01,410 [Worker-3] INFO  o.e.m.c.i.embedder.EclipseLogger - skip non existing resourceDirectory C:\Users\Oppura\Music\project\SoaBaseCode\src\test\resources
2017-05-26 04:42:10,664 [Worker-16] INFO  o.e.m.c.i.l.LifecycleMappingFactory - Using org.maven.ide.eclipse.wtp.WarLifecycleMapping lifecycle mapping for MavenProject: SoaBaseCode:SoaBaseCode:1.0-SNAPSHOT @ C:\Users\Oppura\Music\project\SoaBaseCode\pom.xml.
2017-05-26 04:42:11,764 [Worker-16] WARN  o.e.m.c.i.embedder.EclipseLogger - Failed to retrieve plugin descriptor for org.eclipse.jetty:jetty-maven-plugin:9.0.2.v20130417: Plugin org.eclipse.jetty:jetty-maven-plugin:9.0.2.v20130417 or one of its dependencies could not be resolved: Failed to read artifact descriptor for org.eclipse.jetty:jetty-maven-plugin:jar:9.0.2.v20130417
2017-05-26 04:42:11,774 [Worker-16] WARN  o.e.m.c.i.embedder.EclipseLogger - Failed to retrieve plugin descriptor for org.apache.maven.plugins:maven-eclipse-plugin:2.9: Plugin org.apache.maven.plugins:maven-eclipse-plugin:2.9 or one of its dependencies could not be resolved: Failed to read artifact descriptor for org.apache.maven.plugins:maven-eclipse-plugin:jar:2.9
2017-05-26 04:42:11,784 [Worker-16] WARN  o.e.m.c.i.embedder.EclipseLogger - Failed to retrieve plugin descriptor for org.eclipse.jetty:jetty-maven-plugin:9.0.2.v20130417: Plugin org.eclipse.jetty:jetty-maven-plugin:9.0.2.v20130417 or one of its dependencies could not be resolved: Failed to read artifact descriptor for org.eclipse.jetty:jetty-maven-plugin:jar:9.0.2.v20130417
2017-05-26 04:42:11,784 [Worker-16] WARN  o.e.m.c.i.embedder.EclipseLogger - Failed to retrieve plugin descriptor for org.apache.maven.plugins:maven-eclipse-plugin:2.9: Plugin org.apache.maven.plugins:maven-eclipse-plugin:2.9 or one of its dependencies could not be resolved: Failed to read artifact descriptor for org.apache.maven.plugins:maven-eclipse-plugin:jar:2.9
2017-05-26 04:42:14,180 [Worker-16] INFO  o.e.m.c.i.embedder.EclipseLogger - Using 'UTF-8' encoding to copy filtered resources.
2017-05-26 04:42:14,243 [Worker-16] INFO  o.e.m.c.i.embedder.EclipseLogger - Copying 5 resources
2017-05-26 04:42:14,321 [Worker-16] INFO  o.e.m.c.i.embedder.EclipseLogger - Using 'UTF-8' encoding to copy filtered resources.
2017-05-26 04:42:14,321 [Worker-16] INFO  o.e.m.c.i.embedder.EclipseLogger - skip non existing resourceDirectory C:\Users\Oppura\Music\project\SoaBaseCode\src\test\resources
2017-05-26 04:46:11,554 [Worker-28] INFO  o.e.m.w.i.f.ResourceFilteringBuildParticipant - Cleaning filtered folder for SoaBaseCode
2017-05-26 04:46:19,094 [Worker-15] INFO  o.e.m.c.i.embedder.EclipseLogger - Using 'UTF-8' encoding to copy filtered resources.
2017-05-26 04:46:19,094 [Worker-15] INFO  o.e.m.c.i.embedder.EclipseLogger - Copying 5 resources
2017-05-26 04:46:19,099 [Worker-15] INFO  o.e.m.c.i.embedder.EclipseLogger - Using 'UTF-8' encoding to copy filtered resources.
2017-05-26 04:46:19,099 [Worker-15] INFO  o.e.m.c.i.embedder.EclipseLogger - skip non existing resourceDirectory C:\Users\Oppura\Music\project\SoaBaseCode\src\test\resources
2017-05-26 05:26:14,273 [Worker-30] INFO  o.e.m.c.i.embedder.EclipseLogger - Using 'UTF-8' encoding to copy filtered resources.
2017-05-26 05:26:14,383 [Worker-30] INFO  o.e.m.c.i.embedder.EclipseLogger - skip non existing resourceDirectory C:\Users\Oppura\Music\project\SoaBaseCode\src\main\resources
2017-05-26 05:26:14,476 [Worker-30] INFO  o.e.m.c.i.embedder.EclipseLogger - Using 'UTF-8' encoding to copy filtered resources.
2017-05-26 05:26:14,476 [Worker-30] INFO  o.e.m.c.i.embedder.EclipseLogger - skip non existing resourceDirectory C:\Users\Oppura\Music\project\SoaBaseCode\src\test\resources
2017-05-26 05:26:34,646 [Worker-35] ERROR o.e.m.c.i.i.nexus.NexusIndexManager - Unable to remove SoaBaseCode/SoaBaseCode/1.0-SNAPSHOT/SoaBaseCode-1.0-SNAPSHOT.pom
java.io.FileNotFoundException: C:\Users\Oppura\Music\project\.metadata\.plugins\org.eclipse.m2e.core\nexus\830bc118332e77292949ed1e6d2fabe0\_0_1.del (The system cannot find the file specified)
	at java.io.RandomAccessFile.open0(Native Method) ~[na:1.8.0_45]
	at java.io.RandomAccessFile.open(Unknown Source) ~[na:1.8.0_45]
	at java.io.RandomAccessFile.<init>(Unknown Source) ~[na:1.8.0_45]
	at org.apache.lucene.store.FSDirectory$FSIndexInput$Descriptor.<init>(FSDirectory.java:552) ~[lucene-core-2.4.1.jar:2.4.1 750176 - 2009-03-04 21:56:52]
	at org.apache.lucene.store.FSDirectory$FSIndexInput.<init>(FSDirectory.java:582) ~[lucene-core-2.4.1.jar:2.4.1 750176 - 2009-03-04 21:56:52]
	at org.apache.lucene.store.FSDirectory.openInput(FSDirectory.java:488) ~[lucene-core-2.4.1.jar:2.4.1 750176 - 2009-03-04 21:56:52]
	at org.apache.lucene.store.FSDirectory.openInput(FSDirectory.java:482) ~[lucene-core-2.4.1.jar:2.4.1 750176 - 2009-03-04 21:56:52]
	at org.apache.lucene.util.BitVector.<init>(BitVector.java:199) ~[lucene-core-2.4.1.jar:2.4.1 750176 - 2009-03-04 21:56:52]
	at org.apache.lucene.index.SegmentReader.loadDeletedDocs(SegmentReader.java:402) ~[lucene-core-2.4.1.jar:2.4.1 750176 - 2009-03-04 21:56:52]
	at org.apache.lucene.index.SegmentReader.initialize(SegmentReader.java:368) ~[lucene-core-2.4.1.jar:2.4.1 750176 - 2009-03-04 21:56:52]
	at org.apache.lucene.index.SegmentReader.get(SegmentReader.java:306) ~[lucene-core-2.4.1.jar:2.4.1 750176 - 2009-03-04 21:56:52]
	at org.apache.lucene.index.SegmentReader.get(SegmentReader.java:236) ~[lucene-core-2.4.1.jar:2.4.1 750176 - 2009-03-04 21:56:52]
	at org.apache.lucene.index.DocumentsWriter.applyDeletes(DocumentsWriter.java:915) ~[lucene-core-2.4.1.jar:2.4.1 750176 - 2009-03-04 21:56:52]
	at org.apache.lucene.index.IndexWriter.applyDeletes(IndexWriter.java:4339) ~[lucene-core-2.4.1.jar:2.4.1 750176 - 2009-03-04 21:56:52]
	at org.apache.lucene.index.IndexWriter.doFlush(IndexWriter.java:3579) ~[lucene-core-2.4.1.jar:2.4.1 750176 - 2009-03-04 21:56:52]
	at org.apache.lucene.index.IndexWriter.flush(IndexWriter.java:3450) ~[lucene-core-2.4.1.jar:2.4.1 750176 - 2009-03-04 21:56:52]
	at org.apache.lucene.index.IndexWriter.prepareCommit(IndexWriter.java:3363) ~[lucene-core-2.4.1.jar:2.4.1 750176 - 2009-03-04 21:56:52]
	at org.apache.lucene.index.IndexWriter.commit(IndexWriter.java:3408) ~[lucene-core-2.4.1.jar:2.4.1 750176 - 2009-03-04 21:56:52]
	at org.apache.maven.index.DefaultIndexerEngine.remove(DefaultIndexerEngine.java:179) ~[org.eclipse.m2e.maven.indexer_1.5.0.20140605-2032/:na]
	at org.apache.maven.index.DefaultNexusIndexer.deleteArtifactFromIndex(DefaultNexusIndexer.java:350) ~[org.eclipse.m2e.maven.indexer_1.5.0.20140605-2032/:na]
	at org.eclipse.m2e.core.internal.index.nexus.NexusIndexManager.removeDocument(NexusIndexManager.java:619) [org.eclipse.m2e.core_1.5.0.20140606-0033.jar:na]
	at org.eclipse.m2e.core.internal.index.nexus.NexusIndexManager.mavenProjectChanged(NexusIndexManager.java:761) [org.eclipse.m2e.core_1.5.0.20140606-0033.jar:na]
	at org.eclipse.m2e.core.internal.project.registry.ProjectRegistryManager.notifyProjectChangeListeners(ProjectRegistryManager.java:747) [org.eclipse.m2e.core_1.5.0.20140606-0033.jar:na]
	at org.eclipse.m2e.core.internal.project.registry.ProjectRegistryManager.applyMutableProjectRegistry(ProjectRegistryManager.java:876) [org.eclipse.m2e.core_1.5.0.20140606-0033.jar:na]
	at org.eclipse.m2e.core.internal.project.registry.ProjectRegistryManager.refresh(ProjectRegistryManager.java:291) [org.eclipse.m2e.core_1.5.0.20140606-0033.jar:na]
	at org.eclipse.m2e.core.internal.builder.MavenBuilder$BuildMethod.getProjectFacade(MavenBuilder.java:154) [org.eclipse.m2e.core_1.5.0.20140606-0033.jar:na]
	at org.eclipse.m2e.core.internal.builder.MavenBuilder$BuildMethod$1.call(MavenBuilder.java:89) [org.eclipse.m2e.core_1.5.0.20140606-0033.jar:na]
	at org.eclipse.m2e.core.internal.embedder.MavenExecutionContext.executeBare(MavenExecutionContext.java:166) [org.eclipse.m2e.core_1.5.0.20140606-0033.jar:na]
	at org.eclipse.m2e.core.internal.embedder.MavenExecutionContext.execute(MavenExecutionContext.java:142) [org.eclipse.m2e.core_1.5.0.20140606-0033.jar:na]
	at org.eclipse.m2e.core.internal.embedder.MavenExecutionContext.execute(MavenExecutionContext.java:96) [org.eclipse.m2e.core_1.5.0.20140606-0033.jar:na]
	at org.eclipse.m2e.core.internal.builder.MavenBuilder$BuildMethod.execute(MavenBuilder.java:86) [org.eclipse.m2e.core_1.5.0.20140606-0033.jar:na]
	at org.eclipse.m2e.core.internal.builder.MavenBuilder.build(MavenBuilder.java:200) [org.eclipse.m2e.core_1.5.0.20140606-0033.jar:na]
	at org.eclipse.core.internal.events.BuildManager$2.run(BuildManager.java:734) [org.eclipse.core.resources_3.9.0.v20140514-1307.jar:na]
	at org.eclipse.core.runtime.SafeRunner.run(SafeRunner.java:42) [org.eclipse.equinox.common_3.6.200.v20130402-1505.jar:na]
	at org.eclipse.core.internal.events.BuildManager.basicBuild(BuildManager.java:206) [org.eclipse.core.resources_3.9.0.v20140514-1307.jar:na]
	at org.eclipse.core.internal.events.BuildManager.basicBuild(BuildManager.java:246) [org.eclipse.core.resources_3.9.0.v20140514-1307.jar:na]
	at org.eclipse.core.internal.events.BuildManager$1.run(BuildManager.java:299) [org.eclipse.core.resources_3.9.0.v20140514-1307.jar:na]
	at org.eclipse.core.runtime.SafeRunner.run(SafeRunner.java:42) [org.eclipse.equinox.common_3.6.200.v20130402-1505.jar:na]
	at org.eclipse.core.internal.events.BuildManager.basicBuild(BuildManager.java:302) [org.eclipse.core.resources_3.9.0.v20140514-1307.jar:na]
	at org.eclipse.core.internal.events.BuildManager.basicBuildLoop(BuildManager.java:358) [org.eclipse.core.resources_3.9.0.v20140514-1307.jar:na]
	at org.eclipse.core.internal.events.BuildManager.build(BuildManager.java:381) [org.eclipse.core.resources_3.9.0.v20140514-1307.jar:na]
	at org.eclipse.core.internal.events.AutoBuildJob.doBuild(AutoBuildJob.java:143) [org.eclipse.core.resources_3.9.0.v20140514-1307.jar:na]
	at org.eclipse.core.internal.events.AutoBuildJob.run(AutoBuildJob.java:241) [org.eclipse.core.resources_3.9.0.v20140514-1307.jar:na]
	at org.eclipse.core.internal.jobs.Worker.run(Worker.java:54) [org.eclipse.core.jobs_3.6.0.v20140424-0053.jar:na]
2017-05-26 05:26:35,513 [Worker-35] ERROR o.e.m.jdt.internal.BuildPathManager - Can't save classpath container state for SoaBaseCode
java.io.FileNotFoundException: C:\Users\Oppura\Music\project\.metadata\.plugins\org.eclipse.m2e.jdt\SoaBaseCode.container (The system cannot find the path specified)
	at java.io.FileOutputStream.open0(Native Method) ~[na:1.8.0_45]
	at java.io.FileOutputStream.open(Unknown Source) ~[na:1.8.0_45]
	at java.io.FileOutputStream.<init>(Unknown Source) ~[na:1.8.0_45]
	at java.io.FileOutputStream.<init>(Unknown Source) ~[na:1.8.0_45]
	at org.eclipse.m2e.jdt.internal.BuildPathManager.saveContainerState(BuildPathManager.java:206) [org.eclipse.m2e.jdt_1.5.0.20140606-0033.jar:na]
	at org.eclipse.m2e.jdt.internal.BuildPathManager.updateClasspath(BuildPathManager.java:195) [org.eclipse.m2e.jdt_1.5.0.20140606-0033.jar:na]
	at org.eclipse.m2e.jdt.internal.BuildPathManager.mavenProjectChanged(BuildPathManager.java:180) [org.eclipse.m2e.jdt_1.5.0.20140606-0033.jar:na]
	at org.eclipse.m2e.core.internal.project.registry.ProjectRegistryManager.notifyProjectChangeListeners(ProjectRegistryManager.java:747) [org.eclipse.m2e.core_1.5.0.20140606-0033.jar:na]
	at org.eclipse.m2e.core.internal.project.registry.ProjectRegistryManager.applyMutableProjectRegistry(ProjectRegistryManager.java:876) [org.eclipse.m2e.core_1.5.0.20140606-0033.jar:na]
	at org.eclipse.m2e.core.internal.project.registry.ProjectRegistryManager.refresh(ProjectRegistryManager.java:291) [org.eclipse.m2e.core_1.5.0.20140606-0033.jar:na]
	at org.eclipse.m2e.core.internal.builder.MavenBuilder$BuildMethod.getProjectFacade(MavenBuilder.java:154) [org.eclipse.m2e.core_1.5.0.20140606-0033.jar:na]
	at org.eclipse.m2e.core.internal.builder.MavenBuilder$BuildMethod$1.call(MavenBuilder.java:89) [org.eclipse.m2e.core_1.5.0.20140606-0033.jar:na]
	at org.eclipse.m2e.core.internal.embedder.MavenExecutionContext.executeBare(MavenExecutionContext.java:166) [org.eclipse.m2e.core_1.5.0.20140606-0033.jar:na]
	at org.eclipse.m2e.core.internal.embedder.MavenExecutionContext.execute(MavenExecutionContext.java:142) [org.eclipse.m2e.core_1.5.0.20140606-0033.jar:na]
	at org.eclipse.m2e.core.internal.embedder.MavenExecutionContext.execute(MavenExecutionContext.java:96) [org.eclipse.m2e.core_1.5.0.20140606-0033.jar:na]
	at org.eclipse.m2e.core.internal.builder.MavenBuilder$BuildMethod.execute(MavenBuilder.java:86) [org.eclipse.m2e.core_1.5.0.20140606-0033.jar:na]
	at org.eclipse.m2e.core.internal.builder.MavenBuilder.build(MavenBuilder.java:200) [org.eclipse.m2e.core_1.5.0.20140606-0033.jar:na]
	at org.eclipse.core.internal.events.BuildManager$2.run(BuildManager.java:734) [org.eclipse.core.resources_3.9.0.v20140514-1307.jar:na]
	at org.eclipse.core.runtime.SafeRunner.run(SafeRunner.java:42) [org.eclipse.equinox.common_3.6.200.v20130402-1505.jar:na]
	at org.eclipse.core.internal.events.BuildManager.basicBuild(BuildManager.java:206) [org.eclipse.core.resources_3.9.0.v20140514-1307.jar:na]
	at org.eclipse.core.internal.events.BuildManager.basicBuild(BuildManager.java:246) [org.eclipse.core.resources_3.9.0.v20140514-1307.jar:na]
	at org.eclipse.core.internal.events.BuildManager$1.run(BuildManager.java:299) [org.eclipse.core.resources_3.9.0.v20140514-1307.jar:na]
	at org.eclipse.core.runtime.SafeRunner.run(SafeRunner.java:42) [org.eclipse.equinox.common_3.6.200.v20130402-1505.jar:na]
	at org.eclipse.core.internal.events.BuildManager.basicBuild(BuildManager.java:302) [org.eclipse.core.resources_3.9.0.v20140514-1307.jar:na]
	at org.eclipse.core.internal.events.BuildManager.basicBuildLoop(BuildManager.java:358) [org.eclipse.core.resources_3.9.0.v20140514-1307.jar:na]
	at org.eclipse.core.internal.events.BuildManager.build(BuildManager.java:381) [org.eclipse.core.resources_3.9.0.v20140514-1307.jar:na]
	at org.eclipse.core.internal.events.AutoBuildJob.doBuild(AutoBuildJob.java:143) [org.eclipse.core.resources_3.9.0.v20140514-1307.jar:na]
	at org.eclipse.core.internal.events.AutoBuildJob.run(AutoBuildJob.java:241) [org.eclipse.core.resources_3.9.0.v20140514-1307.jar:na]
	at org.eclipse.core.internal.jobs.Worker.run(Worker.java:54) [org.eclipse.core.jobs_3.6.0.v20140424-0053.jar:na]
